Flow report for 200462U_RISCV_FPGA
Sun Dec 03 12:04:28 2023
Quartus Prime Version 17.1.0 Build 590 10/25/2017 SJ Lite Edition


---------------------
; Table of Contents ;
---------------------
  1. Legal Notice
  2. Flow Summary
  3. Flow Settings
  4. Flow Non-Default Global Settings
  5. Flow Elapsed Time
  6. Flow OS Summary
  7. Flow Log
  8. Flow Messages
  9. Flow Suppressed Messages



----------------
; Legal Notice ;
----------------
Copyright (C) 2017  Intel Corporation. All rights reserved.
Your use of Intel Corporation's design tools, logic functions 
and other software and tools, and its AMPP partner logic 
functions, and any output files from any of the foregoing 
(including device programming or simulation files), and any 
associated documentation or information are expressly subject 
to the terms and conditions of the Intel Program License 
Subscription Agreement, the Intel Quartus Prime License Agreement,
the Intel FPGA IP License Agreement, or other applicable license
agreement, including, without limitation, that your use is for
the sole purpose of programming logic devices manufactured by
Intel and sold by Intel or its authorized distributors.  Please
refer to the applicable agreement for further details.



+----------------------------------------------------------------------------------+
; Flow Summary                                                                     ;
+------------------------------------+---------------------------------------------+
; Flow Status                        ; Successful - Sun Dec 03 12:04:00 2023       ;
; Quartus Prime Version              ; 17.1.0 Build 590 10/25/2017 SJ Lite Edition ;
; Revision Name                      ; 200462U_RISCV_FPGA                          ;
; Top-level Entity Name              ; CPU_Top                                     ;
; Family                             ; Cyclone IV E                                ;
; Device                             ; EP4CE115F29C7                               ;
; Timing Models                      ; Final                                       ;
; Total logic elements               ; 27,061 / 114,480 ( 24 % )                   ;
;     Total combinational functions  ; 16,562 / 114,480 ( 14 % )                   ;
;     Dedicated logic registers      ; 17,446 / 114,480 ( 15 % )                   ;
; Total registers                    ; 17446                                       ;
; Total pins                         ; 61 / 529 ( 12 % )                           ;
; Total virtual pins                 ; 0                                           ;
; Total memory bits                  ; 0 / 3,981,312 ( 0 % )                       ;
; Embedded Multiplier 9-bit elements ; 0 / 532 ( 0 % )                             ;
; Total PLLs                         ; 0 / 4 ( 0 % )                               ;
+------------------------------------+---------------------------------------------+


+-----------------------------------------+
; Flow Settings                           ;
+-------------------+---------------------+
; Option            ; Setting             ;
+-------------------+---------------------+
; Start date & time ; 12/03/2023 10:50:42 ;
; Main task         ; Compilation         ;
; Revision Name     ; 200462U_RISCV_FPGA  ;
+-------------------+---------------------+


+------------------------------------------------------------------------------------------------------------------------------+
; Flow Non-Default Global Settings                                                                                             ;
+-------------------------------------+----------------------------------------+--------------------+-------------+------------+
; Assignment Name                     ; Value                                  ; Default Value      ; Entity Name ; Section Id ;
+-------------------------------------+----------------------------------------+--------------------+-------------+------------+
; COMPILER_SIGNATURE_ID               ; 161526879977253.170158084216340        ; --                 ; --          ; --         ;
; MAX_CORE_JUNCTION_TEMP              ; 85                                     ; --                 ; --          ; --         ;
; MIN_CORE_JUNCTION_TEMP              ; 0                                      ; --                 ; --          ; --         ;
; NOMINAL_CORE_SUPPLY_VOLTAGE         ; 1.2V                                   ; --                 ; --          ; --         ;
; PARTITION_COLOR                     ; -- (Not supported for targeted family) ; --                 ; CPU_Top     ; Top        ;
; PARTITION_FITTER_PRESERVATION_LEVEL ; -- (Not supported for targeted family) ; --                 ; CPU_Top     ; Top        ;
; PARTITION_NETLIST_TYPE              ; -- (Not supported for targeted family) ; --                 ; CPU_Top     ; Top        ;
; POWER_BOARD_THERMAL_MODEL           ; None (CONSERVATIVE)                    ; --                 ; --          ; --         ;
; POWER_PRESET_COOLING_SOLUTION       ; 23 MM HEAT SINK WITH 200 LFPM AIRFLOW  ; --                 ; --          ; --         ;
; PROJECT_OUTPUT_DIRECTORY            ; output_files                           ; --                 ; --          ; --         ;
; TOP_LEVEL_ENTITY                    ; CPU_Top                                ; 200462U_RISCV_FPGA ; --          ; --         ;
+-------------------------------------+----------------------------------------+--------------------+-------------+------------+


+-------------------------------------------------------------------------------------------------------------------------------+
; Flow Elapsed Time                                                                                                             ;
+---------------------------+--------------+-------------------------+---------------------+------------------------------------+
; Module Name               ; Elapsed Time ; Average Processors Used ; Peak Virtual Memory ; Total CPU Time (on all processors) ;
+---------------------------+--------------+-------------------------+---------------------+------------------------------------+
; Analysis & Synthesis      ; 00:01:28     ; 1.0                     ; 4972 MB             ; 00:01:21                           ;
; Fitter                    ; 01:11:41     ; 1.0                     ; 6064 MB             ; 01:03:10                           ;
; Assembler                 ; 00:00:03     ; 1.0                     ; 4770 MB             ; 00:00:03                           ;
; TimeQuest Timing Analyzer ; 00:00:27     ; 2.4                     ; 5397 MB             ; 00:00:32                           ;
; Total                     ; 01:13:39     ; --                      ; --                  ; 01:05:06                           ;
+---------------------------+--------------+-------------------------+---------------------+------------------------------------+


+-----------------------------------------------------------------------------------------+
; Flow OS Summary                                                                         ;
+---------------------------+------------------+------------+------------+----------------+
; Module Name               ; Machine Hostname ; OS Name    ; OS Version ; Processor type ;
+---------------------------+------------------+------------+------------+----------------+
; Analysis & Synthesis      ; Randika          ; Windows 10 ; 10.0       ; x86_64         ;
; Fitter                    ; Randika          ; Windows 10 ; 10.0       ; x86_64         ;
; Assembler                 ; Randika          ; Windows 10 ; 10.0       ; x86_64         ;
; TimeQuest Timing Analyzer ; Randika          ; Windows 10 ; 10.0       ; x86_64         ;
+---------------------------+------------------+------------+------------+----------------+


------------
; Flow Log ;
------------
quartus_map --read_settings_files=on --write_settings_files=off 200462U_RISCV_FPGA -c 200462U_RISCV_FPGA
quartus_fit --read_settings_files=off --write_settings_files=off 200462U_RISCV_FPGA -c 200462U_RISCV_FPGA
quartus_asm --read_settings_files=off --write_settings_files=off 200462U_RISCV_FPGA -c 200462U_RISCV_FPGA
quartus_sta 200462U_RISCV_FPGA -c 200462U_RISCV_FPGA



